<?xml version="1.0" encoding="UTF-8"?>
<!-- Generated by org.testng.reporters.JUnitXMLReporter -->
<testsuite ignored="0" hostname="DESKTOP-6B1PKSS" failures="0" tests="2" name="Test" time="33.332" errors="0" timestamp="2022-09-15T17:08:02 IST">
  <testcase classname="crm_frameowrok_objectrepository.CreateContactInfoTestNG" name="createContactInfoTestNG" time="10.442"/>
  <testcase classname="crm_frameowrok_objectrepository.DeleteContactInfoTestNG" name="deleteContactInfoTestNG" time="5.762"/>
</testsuite> <!-- Test -->
