<?xml version="1.0" encoding="UTF-8"?>
<testng-results ignored="0" total="1" passed="1" failed="0" skipped="0">
  <reporter-output>
  </reporter-output>
  <suite started-at="2022-09-20T11:21:45 IST" name="Default suite" finished-at="2022-09-20T11:21:45 IST" duration-ms="84">
    <groups>
    </groups>
    <test started-at="2022-09-20T11:21:45 IST" name="Default test" finished-at="2022-09-20T11:21:45 IST" duration-ms="84">
      <class name="org.ty.daabase_practice.DDTByCMD">
        <test-method signature="testCase1()[pri:0, instance:org.ty.daabase_practice.DDTByCMD@194bcebf]" started-at="2022-09-20T11:21:45 IST" name="testCase1" finished-at="2022-09-20T11:21:45 IST" duration-ms="17" status="PASS">
          <reporter-output>
          </reporter-output>
        </test-method> <!-- testCase1 -->
      </class> <!-- org.ty.daabase_practice.DDTByCMD -->
    </test> <!-- Default test -->
  </suite> <!-- Default suite -->
</testng-results>
